<?xml version="1.0" encoding="UTF-8"?>
<!-- Generated by org.testng.reporters.JUnitReportReporter -->
<testsuite hostname="DESKTOP-72NPBGM" failures="0" tests="7" name="runners.MainRunner" time="80.777" errors="0" timestamp="2022-01-09T20:41:26 IST" skipped="0">
  <testcase classname="runners.MainRunner" name="runScenario" time="22.544"/>
  <system-out/>
  <testcase classname="runners.MainRunner" name="runScenario" time="9.172"/>
  <system-out/>
  <testcase classname="runners.MainRunner" name="runScenario" time="3.095"/>
  <system-out/>
  <testcase classname="runners.MainRunner" name="runScenario" time="10.946"/>
  <system-out/>
  <testcase classname="runners.MainRunner" name="runScenario" time="5.399"/>
  <system-out/>
  <testcase classname="runners.MainRunner" name="runScenario" time="9.044"/>
  <system-out/>
  <testcase classname="runners.MainRunner" name="runScenario" time="20.577"/>
  <system-out/>
</testsuite> <!-- runners.MainRunner -->
